[04:05:14] [ServerMain/INFO]: Environment: authHost='https://authserver.mojang.com', accountsHost='https://api.mojang.com', sessionHost='https://sessionserver.mojang.com', servicesHost='https://api.minecraftservices.com', name='PROD'
[04:05:16] [ServerMain/WARN]: Ambiguity between arguments [teleport, location] and [teleport, destination] with inputs: [0.1 -0.5 .9, 0 0 0]
[04:05:16] [ServerMain/WARN]: Ambiguity between arguments [teleport, location] and [teleport, targets] with inputs: [0.1 -0.5 .9, 0 0 0]
[04:05:16] [ServerMain/WARN]: Ambiguity between arguments [teleport, destination] and [teleport, targets] with inputs: [Player, 0123, @e, dd12be42-52a9-4a91-a8a1-11c01849e498]
[04:05:16] [ServerMain/WARN]: Ambiguity between arguments [teleport, targets] and [teleport, destination] with inputs: [Player, 0123, dd12be42-52a9-4a91-a8a1-11c01849e498]
[04:05:16] [ServerMain/WARN]: Ambiguity between arguments [teleport, targets, location] and [teleport, targets, destination] with inputs: [0.1 -0.5 .9, 0 0 0]
[04:05:17] [Worker-Main-6/INFO]: Loaded 7 recipes
[04:05:18] [Worker-Main-6/INFO]: Loaded 1141 advancements
[04:05:20] [Server thread/INFO]: Starting minecraft server version 1.18.2
[04:05:20] [Server thread/INFO]: Loading properties
[04:05:20] [Server thread/INFO]: Default game type: SURVIVAL
[04:05:20] [Server thread/INFO]: Generating keypair
[04:05:20] [Server thread/INFO]: Starting Minecraft server on *:25565
[04:05:20] [Server thread/INFO]: Using epoll channel type
[04:05:20] [Server thread/WARN]: **** SERVER IS RUNNING IN OFFLINE/INSECURE MODE!
[04:05:20] [Server thread/WARN]: The server will make no attempt to authenticate usernames. Beware.
[04:05:20] [Server thread/WARN]: While this makes the game possible to play without internet access, it also opens up the ability for hackers to connect with any username they choose.
[04:05:20] [Server thread/WARN]: To change this, set "online-mode" to "true" in the server.properties file.
[04:05:20] [Server thread/INFO]: Preparing level "world"
[04:05:32] [Server thread/INFO]: Preparing start region for dimension minecraft:overworld
[04:05:34] [Worker-Main-6/INFO]: Preparing spawn area: 0%
[04:05:34] [Worker-Main-5/INFO]: Preparing spawn area: 0%
[04:05:34] [Worker-Main-4/INFO]: Preparing spawn area: 0%
[04:05:34] [Worker-Main-4/INFO]: Preparing spawn area: 0%
[04:05:34] [Worker-Main-4/INFO]: Preparing spawn area: 0%
[04:05:35] [Worker-Main-4/INFO]: Preparing spawn area: 0%
[04:05:36] [Worker-Main-6/INFO]: Preparing spawn area: 0%
[04:05:36] [Worker-Main-5/INFO]: Preparing spawn area: 0%
[04:05:36] [Worker-Main-6/INFO]: Preparing spawn area: 0%
[04:05:37] [Worker-Main-5/INFO]: Preparing spawn area: 0%
[04:05:37] [Worker-Main-5/INFO]: Preparing spawn area: 0%
[04:05:38] [Worker-Main-5/INFO]: Preparing spawn area: 0%
[04:05:38] [Worker-Main-5/INFO]: Preparing spawn area: 0%
[04:05:39] [Worker-Main-4/INFO]: Preparing spawn area: 1%
[04:05:39] [Worker-Main-5/INFO]: Preparing spawn area: 2%
[04:05:40] [Worker-Main-4/INFO]: Preparing spawn area: 3%
[04:05:40] [Worker-Main-4/INFO]: Preparing spawn area: 3%
[04:05:41] [Worker-Main-6/INFO]: Preparing spawn area: 4%
[04:05:41] [Worker-Main-5/INFO]: Preparing spawn area: 4%
[04:05:42] [Worker-Main-4/INFO]: Preparing spawn area: 4%
[04:05:42] [Worker-Main-6/INFO]: Preparing spawn area: 5%
[04:05:43] [Worker-Main-5/INFO]: Preparing spawn area: 6%
[04:05:43] [Worker-Main-4/INFO]: Preparing spawn area: 7%
[04:05:44] [Worker-Main-4/INFO]: Preparing spawn area: 7%
[04:05:44] [Worker-Main-5/INFO]: Preparing spawn area: 8%
[04:05:45] [Worker-Main-6/INFO]: Preparing spawn area: 9%
[04:05:45] [Worker-Main-5/INFO]: Preparing spawn area: 9%
[04:05:46] [Worker-Main-6/INFO]: Preparing spawn area: 10%
[04:05:46] [Worker-Main-6/INFO]: Preparing spawn area: 10%
[04:05:47] [Worker-Main-5/INFO]: Preparing spawn area: 12%
[04:05:47] [Worker-Main-4/INFO]: Preparing spawn area: 12%
[04:05:48] [Worker-Main-6/INFO]: Preparing spawn area: 14%
[04:05:48] [Worker-Main-4/INFO]: Preparing spawn area: 15%
[04:05:49] [Worker-Main-6/INFO]: Preparing spawn area: 16%
[04:05:49] [Worker-Main-5/INFO]: Preparing spawn area: 16%
[04:05:50] [Worker-Main-6/INFO]: Preparing spawn area: 17%
[04:05:50] [Worker-Main-5/INFO]: Preparing spawn area: 17%
[04:05:51] [Worker-Main-4/INFO]: Preparing spawn area: 19%
[04:05:51] [Worker-Main-4/INFO]: Preparing spawn area: 21%
[04:05:52] [Worker-Main-4/INFO]: Preparing spawn area: 22%
[04:05:52] [Worker-Main-5/INFO]: Preparing spawn area: 23%
[04:05:53] [Worker-Main-6/INFO]: Preparing spawn area: 24%
[04:05:53] [Worker-Main-5/INFO]: Preparing spawn area: 25%
[04:05:54] [Worker-Main-6/INFO]: Preparing spawn area: 26%
[04:05:54] [Worker-Main-5/INFO]: Preparing spawn area: 27%
[04:05:55] [Worker-Main-6/INFO]: Preparing spawn area: 29%
[04:05:55] [Worker-Main-4/INFO]: Preparing spawn area: 31%
[04:05:56] [Worker-Main-5/INFO]: Preparing spawn area: 31%
[04:05:56] [Worker-Main-5/INFO]: Preparing spawn area: 32%
[04:05:57] [Worker-Main-5/INFO]: Preparing spawn area: 33%
[04:05:57] [Worker-Main-4/INFO]: Preparing spawn area: 34%
[04:05:58] [Worker-Main-6/INFO]: Preparing spawn area: 34%
[04:05:58] [Worker-Main-4/INFO]: Preparing spawn area: 36%
[04:05:59] [Worker-Main-6/INFO]: Preparing spawn area: 37%
[04:05:59] [Worker-Main-6/INFO]: Preparing spawn area: 39%
[04:06:00] [Worker-Main-6/INFO]: Preparing spawn area: 41%
[04:06:00] [Worker-Main-6/INFO]: Preparing spawn area: 42%
[04:06:01] [Worker-Main-4/INFO]: Preparing spawn area: 42%
[04:06:01] [Worker-Main-5/INFO]: Preparing spawn area: 43%
[04:06:02] [Worker-Main-5/INFO]: Preparing spawn area: 44%
[04:06:02] [Worker-Main-4/INFO]: Preparing spawn area: 45%
[04:06:03] [Worker-Main-6/INFO]: Preparing spawn area: 47%
[04:06:03] [Worker-Main-4/INFO]: Preparing spawn area: 48%
[04:06:04] [Worker-Main-4/INFO]: Preparing spawn area: 50%
[04:06:04] [Worker-Main-5/INFO]: Preparing spawn area: 52%
[04:06:05] [Worker-Main-4/INFO]: Preparing spawn area: 53%
[04:06:05] [Worker-Main-5/INFO]: Preparing spawn area: 54%
[04:06:06] [Worker-Main-6/INFO]: Preparing spawn area: 55%
[04:06:06] [Worker-Main-6/INFO]: Preparing spawn area: 55%
[04:06:07] [Worker-Main-6/INFO]: Preparing spawn area: 57%
[04:06:07] [Worker-Main-5/INFO]: Preparing spawn area: 58%
[04:06:08] [Worker-Main-6/INFO]: Preparing spawn area: 59%
[04:06:08] [Worker-Main-4/INFO]: Preparing spawn area: 61%
[04:06:09] [Worker-Main-5/INFO]: Preparing spawn area: 62%
[04:06:09] [Worker-Main-6/INFO]: Preparing spawn area: 64%
[04:06:10] [Worker-Main-6/INFO]: Preparing spawn area: 65%
[04:06:10] [Worker-Main-4/INFO]: Preparing spawn area: 67%
[04:06:11] [Worker-Main-5/INFO]: Preparing spawn area: 68%
[04:06:11] [Worker-Main-5/INFO]: Preparing spawn area: 68%
[04:06:12] [Worker-Main-4/INFO]: Preparing spawn area: 69%
[04:06:12] [Worker-Main-5/INFO]: Preparing spawn area: 71%
[04:06:13] [Worker-Main-6/INFO]: Preparing spawn area: 73%
[04:06:13] [Worker-Main-5/INFO]: Preparing spawn area: 74%
[04:06:14] [Worker-Main-4/INFO]: Preparing spawn area: 76%
[04:06:14] [Worker-Main-6/INFO]: Preparing spawn area: 78%
[04:06:15] [Worker-Main-6/INFO]: Preparing spawn area: 79%
[04:06:15] [Worker-Main-6/INFO]: Preparing spawn area: 81%
[04:06:16] [Worker-Main-6/INFO]: Preparing spawn area: 82%
[04:06:16] [Worker-Main-6/INFO]: Preparing spawn area: 83%
[04:06:17] [Worker-Main-6/INFO]: Preparing spawn area: 83%
[04:06:17] [Worker-Main-6/INFO]: Preparing spawn area: 85%
[04:06:18] [Worker-Main-6/INFO]: Preparing spawn area: 86%
[04:06:18] [Worker-Main-4/INFO]: Preparing spawn area: 88%
[04:06:19] [Worker-Main-6/INFO]: Preparing spawn area: 89%
[04:06:19] [Worker-Main-5/INFO]: Preparing spawn area: 90%
[04:06:20] [Worker-Main-5/INFO]: Preparing spawn area: 92%
[04:06:20] [Worker-Main-5/INFO]: Preparing spawn area: 94%
[04:06:21] [Worker-Main-6/INFO]: Preparing spawn area: 95%
[04:06:21] [Worker-Main-5/INFO]: Preparing spawn area: 97%
[04:06:22] [Worker-Main-4/INFO]: Preparing spawn area: 99%
[04:06:22] [Server thread/INFO]: Time elapsed: 49674 ms
[04:06:22] [Server thread/INFO]: Done (61.944s)! For help, type "help"
[04:08:57] [Server thread/INFO]: R4TC3R[/[0:0:0:0:0:0:0:1%0]:33944] logged in with entity id 390 at (70.5, 66.0, 1.5)
[04:08:57] [Server thread/INFO]: R4TC3R joined the game
[04:12:27] [Server thread/INFO]: Saekro[/[0:0:0:0:0:0:0:1%0]:59442] logged in with entity id 1100 at (61.5, 66.0, -3.5)
[04:12:27] [Server thread/INFO]: Saekro joined the game
[04:13:15] [Server thread/INFO]: Saekro was slain by R4TC3R
[04:13:47] [Server thread/INFO]: R4TC3R hit the ground too hard
[04:13:49] [Server thread/INFO]: delsin20[/[0:0:0:0:0:0:0:1%0]:47148] logged in with entity id 1591 at (60.5, 66.0, -3.5)
[04:13:49] [Server thread/INFO]: delsin20 joined the game
[04:14:45] [Server thread/INFO]: Saekro has made the advancement [Stone Age]
[04:14:57] [Server thread/INFO]: Saekro has made the advancement [Getting an Upgrade]
[04:14:58] [Server thread/INFO]: maddux8243[/[0:0:0:0:0:0:0:1%0]:36780] logged in with entity id 1798 at (57.5, 66.0, -8.5)
[04:14:58] [Server thread/INFO]: maddux8243 joined the game
